<?xml version="1.0" encoding="UTF-8"?>
<testsuite xmlns:xsi="http://www.w3.org/2001/XMLSchema-instance" xsi:noNamespaceSchemaLocation="https://maven.apache.org/surefire/maven-surefire-plugin/xsd/surefire-test-report.xsd" name="com.comp301.a09akari.AppTest" time="0.016" tests="1" errors="0" skipped="0" failures="0">
  <properties>
    <property name="java.specification.version" value="22"/>
    <property name="sun.jnu.encoding" value="UTF-8"/>
    <property name="java.class.path" value="/Users/laurenmeintzer/IdeaProjects/a09-akari-elmeintz/target/test-classes:/Users/laurenmeintzer/IdeaProjects/a09-akari-elmeintz/target/classes:/Users/laurenmeintzer/.m2/repository/junit/junit/4.11/junit-4.11.jar:/Users/laurenmeintzer/.m2/repository/org/hamcrest/hamcrest-core/1.3/hamcrest-core-1.3.jar:/Users/laurenmeintzer/.m2/repository/org/openjfx/javafx-controls/20/javafx-controls-20.jar:/Users/laurenmeintzer/.m2/repository/org/openjfx/javafx-controls/20/javafx-controls-20-mac-aarch64.jar:/Users/laurenmeintzer/.m2/repository/org/openjfx/javafx-fxml/20/javafx-fxml-20.jar:/Users/laurenmeintzer/.m2/repository/org/openjfx/javafx-fxml/20/javafx-fxml-20-mac-aarch64.jar:/Users/laurenmeintzer/.m2/repository/org/openjfx/javafx-graphics/20/javafx-graphics-20.jar:/Users/laurenmeintzer/.m2/repository/org/openjfx/javafx-graphics/20/javafx-graphics-20-mac-aarch64.jar:/Users/laurenmeintzer/.m2/repository/org/openjfx/javafx-base/20/javafx-base-20.jar:/Users/laurenmeintzer/.m2/repository/org/openjfx/javafx-base/20/javafx-base-20-mac-aarch64.jar:"/>
    <property name="java.vm.vendor" value="Homebrew"/>
    <property name="sun.arch.data.model" value="64"/>
    <property name="java.vendor.url" value="https://github.com/Homebrew/homebrew-core/issues"/>
    <property name="os.name" value="Mac OS X"/>
    <property name="java.vm.specification.version" value="22"/>
    <property name="sun.java.launcher" value="SUN_STANDARD"/>
    <property name="user.country" value="US"/>
    <property name="sun.boot.library.path" value="/opt/homebrew/Cellar/openjdk/22.0.2/libexec/openjdk.jdk/Contents/Home/lib"/>
    <property name="sun.java.command" value="/Users/laurenmeintzer/IdeaProjects/a09-akari-elmeintz/target/surefire/surefirebooter16078429380644627641.jar /Users/laurenmeintzer/IdeaProjects/a09-akari-elmeintz/target/surefire 2024-12-10T10-53-54_266-jvmRun1 surefire6696985101945045842tmp surefire_016042088230933491770tmp"/>
    <property name="http.nonProxyHosts" value="local|*.local|169.254/16|*.169.254/16"/>
    <property name="jdk.debug" value="release"/>
    <property name="surefire.test.class.path" value="/Users/laurenmeintzer/IdeaProjects/a09-akari-elmeintz/target/test-classes:/Users/laurenmeintzer/IdeaProjects/a09-akari-elmeintz/target/classes:/Users/laurenmeintzer/.m2/repository/junit/junit/4.11/junit-4.11.jar:/Users/laurenmeintzer/.m2/repository/org/hamcrest/hamcrest-core/1.3/hamcrest-core-1.3.jar:/Users/laurenmeintzer/.m2/repository/org/openjfx/javafx-controls/20/javafx-controls-20.jar:/Users/laurenmeintzer/.m2/repository/org/openjfx/javafx-controls/20/javafx-controls-20-mac-aarch64.jar:/Users/laurenmeintzer/.m2/repository/org/openjfx/javafx-fxml/20/javafx-fxml-20.jar:/Users/laurenmeintzer/.m2/repository/org/openjfx/javafx-fxml/20/javafx-fxml-20-mac-aarch64.jar:/Users/laurenmeintzer/.m2/repository/org/openjfx/javafx-graphics/20/javafx-graphics-20.jar:/Users/laurenmeintzer/.m2/repository/org/openjfx/javafx-graphics/20/javafx-graphics-20-mac-aarch64.jar:/Users/laurenmeintzer/.m2/repository/org/openjfx/javafx-base/20/javafx-base-20.jar:/Users/laurenmeintzer/.m2/repository/org/openjfx/javafx-base/20/javafx-base-20-mac-aarch64.jar:"/>
    <property name="sun.cpu.endian" value="little"/>
    <property name="user.home" value="/Users/laurenmeintzer"/>
    <property name="user.language" value="en"/>
    <property name="java.specification.vendor" value="Oracle Corporation"/>
    <property name="java.version.date" value="2024-07-16"/>
    <property name="java.home" value="/opt/homebrew/Cellar/openjdk/22.0.2/libexec/openjdk.jdk/Contents/Home"/>
    <property name="file.separator" value="/"/>
    <property name="basedir" value="/Users/laurenmeintzer/IdeaProjects/a09-akari-elmeintz"/>
    <property name="java.vm.compressedOopsMode" value="Zero based"/>
    <property name="line.separator" value="&#10;"/>
    <property name="java.vm.specification.vendor" value="Oracle Corporation"/>
    <property name="java.specification.name" value="Java Platform API Specification"/>
    <property name="apple.awt.application.name" value="ForkedBooter"/>
    <property name="surefire.real.class.path" value="/Users/laurenmeintzer/IdeaProjects/a09-akari-elmeintz/target/surefire/surefirebooter16078429380644627641.jar"/>
    <property name="sun.management.compiler" value="HotSpot 64-Bit Tiered Compilers"/>
    <property name="ftp.nonProxyHosts" value="local|*.local|169.254/16|*.169.254/16"/>
    <property name="java.runtime.version" value="22.0.2"/>
    <property name="user.name" value="laurenmeintzer"/>
    <property name="stdout.encoding" value="UTF-8"/>
    <property name="path.separator" value=":"/>
    <property name="os.version" value="14.6.1"/>
    <property name="java.runtime.name" value="OpenJDK Runtime Environment"/>
    <property name="file.encoding" value="UTF-8"/>
    <property name="java.vm.name" value="OpenJDK 64-Bit Server VM"/>
    <property name="java.vendor.version" value="Homebrew"/>
    <property name="localRepository" value="/Users/laurenmeintzer/.m2/repository"/>
    <property name="java.vendor.url.bug" value="https://github.com/Homebrew/homebrew-core/issues"/>
    <property name="java.io.tmpdir" value="/var/folders/sx/nnyrwcdd3f1g_w7rtnfgsm5m0000gn/T/"/>
    <property name="java.version" value="22.0.2"/>
    <property name="user.dir" value="/Users/laurenmeintzer/IdeaProjects/a09-akari-elmeintz"/>
    <property name="os.arch" value="aarch64"/>
    <property name="java.vm.specification.name" value="Java Virtual Machine Specification"/>
    <property name="native.encoding" value="UTF-8"/>
    <property name="java.library.path" value="/Users/laurenmeintzer/Library/Java/Extensions:/Library/Java/Extensions:/Network/Library/Java/Extensions:/System/Library/Java/Extensions:/usr/lib/java:."/>
    <property name="java.vm.info" value="mixed mode, sharing"/>
    <property name="stderr.encoding" value="UTF-8"/>
    <property name="java.vendor" value="Homebrew"/>
    <property name="java.vm.version" value="22.0.2"/>
    <property name="sun.io.unicode.encoding" value="UnicodeBig"/>
    <property name="socksNonProxyHosts" value="local|*.local|169.254/16|*.169.254/16"/>
    <property name="java.class.version" value="66.0"/>
  </properties>
  <testcase name="shouldAnswerWithTrue" classname="com.comp301.a09akari.AppTest" time="0.003"/>
</testsuite>